[0904/160825.348:ERROR:process_memory_win.cc(73)] ReadMemory at 0x7ff6617c0000 of 64 bytes failed: Only part of a ReadProcessMemory or WriteProcessMemory request was completed. (0x12B)
[0904/160826.328:WARNING:pe_image_reader.cc(340)] could not read dos header from C:\Program Files (x86)\Google\Chrome\Application\chrome.exe
[0904/160826.329:ERROR:process_memory_win.cc(73)] ReadMemory at 0x7ff91f5c0000 of 64 bytes failed: Only part of a ReadProcessMemory or WriteProcessMemory request was completed. (0x12B)
[0904/160826.329:WARNING:pe_image_reader.cc(340)] could not read dos header from C:\WINDOWS\SYSTEM32\ntdll.dll
[0904/160826.329:ERROR:process_memory_win.cc(73)] ReadMemory at 0x7ff91d670000 of 64 bytes failed: Only part of a ReadProcessMemory or WriteProcessMemory request was completed. (0x12B)
[0904/160826.363:WARNING:pe_image_reader.cc(340)] could not read dos header from C:\WINDOWS\System32\KERNEL32.DLL
[0904/160826.363:ERROR:process_memory_win.cc(73)] ReadMemory at 0x7ff91c5b0000 of 64 bytes failed: Only part of a ReadProcessMemory or WriteProcessMemory request was completed. (0x12B)
[0904/160826.363:WARNING:pe_image_reader.cc(340)] could not read dos header from C:\WINDOWS\System32\KERNELBASE.dll
[0904/160826.363:ERROR:process_memory_win.cc(73)] ReadMemory at 0x7ff8fb940000 of 64 bytes failed: Only part of a ReadProcessMemory or WriteProcessMemory request was completed. (0x12B)
[0904/160826.363:WARNING:pe_image_reader.cc(340)] could not read dos header from C:\Program Files (x86)\Google\Chrome\Application\85.0.4183.83\chrome_elf.dll
[0904/160826.363:ERROR:process_memory_win.cc(73)] ReadMemory at 0x7ff913fa0000 of 64 bytes failed: Only part of a ReadProcessMemory or WriteProcessMemory request was completed. (0x12B)
[0904/160826.364:WARNING:pe_image_reader.cc(340)] could not read dos header from C:\WINDOWS\SYSTEM32\VERSION.dll
[0904/160826.364:ERROR:process_memory_win.cc(73)] ReadMemory at 0x7ff91f420000 of 64 bytes failed: Only part of a ReadProcessMemory or WriteProcessMemory request was completed. (0x12B)
[0904/160826.364:WARNING:pe_image_reader.cc(340)] could not read dos header from C:\WINDOWS\System32\msvcrt.dll
[0904/160826.364:ERROR:process_memory_win.cc(73)] ReadMemory at 0x7ff91d4a0000 of 64 bytes failed: Only part of a ReadProcessMemory or WriteProcessMemory request was completed. (0x12B)
[0904/160826.364:WARNING:pe_image_reader.cc(340)] could not read dos header from C:\WINDOWS\System32\bcryptPrimitives.dll
[0904/160826.364:ERROR:process_memory_win.cc(73)] ReadMemory at 0x7ff91f4c0000 of 64 bytes failed: Only part of a ReadProcessMemory or WriteProcessMemory request was completed. (0x12B)
[0904/160826.364:WARNING:pe_image_reader.cc(340)] could not read dos header from C:\WINDOWS\System32\ADVAPI32.dll
[0904/160826.365:ERROR:process_memory_win.cc(73)] ReadMemory at 0x7ff91db10000 of 64 bytes failed: Only part of a ReadProcessMemory or WriteProcessMemory request was completed. (0x12B)
[0904/160826.365:WARNING:pe_image_reader.cc(340)] could not read dos header from C:\WINDOWS\System32\sechost.dll
[0904/160826.365:ERROR:process_memory_win.cc(73)] ReadMemory at 0x7ff91def0000 of 64 bytes failed: Only part of a ReadProcessMemory or WriteProcessMemory request was completed. (0x12B)
[0904/160826.365:WARNING:pe_image_reader.cc(340)] could not read dos header from C:\WINDOWS\System32\RPCRT4.dll
[0904/160826.365:ERROR:process_memory_win.cc(73)] ReadMemory at 0x7ff8d95f0000 of 64 bytes failed: Only part of a ReadProcessMemory or WriteProcessMemory request was completed. (0x12B)
[0904/160826.366:WARNING:pe_image_reader.cc(340)] could not read dos header from C:\Program Files (x86)\Google\Chrome\Application\85.0.4183.83\chrome.dll
[0904/160826.366:ERROR:process_memory_win.cc(73)] ReadMemory at 0x7ff91e070000 of 64 bytes failed: Only part of a ReadProcessMemory or WriteProcessMemory request was completed. (0x12B)
[0904/160826.366:WARNING:pe_image_reader.cc(340)] could not read dos header from C:\WINDOWS\System32\WS2_32.dll
[0904/160826.366:ERROR:process_memory_win.cc(73)] ReadMemory at 0x7ff91d760000 of 64 bytes failed: Only part of a ReadProcessMemory or WriteProcessMemory request was completed. (0x12B)
[0904/160826.366:WARNING:pe_image_reader.cc(340)] could not read dos header from C:\WINDOWS\System32\OLEAUT32.dll
[0904/160826.366:ERROR:process_memory_win.cc(73)] ReadMemory at 0x7ff91cc40000 of 64 bytes failed: Only part of a ReadProcessMemory or WriteProcessMemory request was completed. (0x12B)
[0904/160826.367:WARNING:pe_image_reader.cc(340)] could not read dos header from C:\WINDOWS\System32\msvcp_win.dll
[0904/160826.367:ERROR:process_memory_win.cc(73)] ReadMemory at 0x7ff91c860000 of 64 bytes failed: Only part of a ReadProcessMemory or WriteProcessMemory request was completed. (0x12B)
[0904/160826.367:WARNING:pe_image_reader.cc(340)] could not read dos header from C:\WINDOWS\System32\ucrtbase.dll
[0904/160826.367:ERROR:process_memory_win.cc(73)] ReadMemory at 0x7ff91dbb0000 of 64 bytes failed: Only part of a ReadProcessMemory or WriteProcessMemory request was completed. (0x12B)
[0904/160826.367:WARNING:pe_image_reader.cc(340)] could not read dos header from C:\WINDOWS\System32\combase.dll
[0904/160826.367:ERROR:process_memory_win.cc(73)] ReadMemory at 0x7ff91ca10000 of 64 bytes failed: Only part of a ReadProcessMemory or WriteProcessMemory request was completed. (0x12B)
[0904/160826.367:WARNING:pe_image_reader.cc(340)] could not read dos header from C:\WINDOWS\System32\WINTRUST.dll
[0904/160826.368:ERROR:process_memory_win.cc(73)] ReadMemory at 0x7ff91c4a0000 of 64 bytes failed: Only part of a ReadProcessMemory or WriteProcessMemory request was completed. (0x12B)
[0904/160826.368:WARNING:pe_image_reader.cc(340)] could not read dos header from C:\WINDOWS\System32\MSASN1.dll
[0904/160826.368:ERROR:process_memory_win.cc(73)] ReadMemory at 0x7ff91d520000 of 64 bytes failed: Only part of a ReadProcessMemory or WriteProcessMemory request was completed. (0x12B)
[0904/160826.368:WARNING:pe_image_reader.cc(340)] could not read dos header from C:\WINDOWS\System32\CRYPT32.dll
[0904/160826.368:ERROR:process_memory_win.cc(73)] ReadMemory at 0x7ff91b980000 of 64 bytes failed: Only part of a ReadProcessMemory or WriteProcessMemory request was completed. (0x12B)
[0904/160826.368:WARNING:pe_image_reader.cc(340)] could not read dos header from C:\WINDOWS\SYSTEM32\IPHLPAPI.DLL
[0904/160826.369:ERROR:process_memory_win.cc(73)] ReadMemory at 0x7ff919ea0000 of 64 bytes failed: Only part of a ReadProcessMemory or WriteProcessMemory request was completed. (0x12B)
[0904/160826.369:WARNING:pe_image_reader.cc(340)] could not read dos header from C:\WINDOWS\SYSTEM32\WINMM.dll
[0904/160826.369:ERROR:process_memory_win.cc(73)] ReadMemory at 0x7ff906230000 of 64 bytes failed: Only part of a ReadProcessMemory or WriteProcessMemory request was completed. (0x12B)
[0904/160826.369:WARNING:pe_image_reader.cc(340)] could not read dos header from C:\WINDOWS\SYSTEM32\UIAutomationCore.DLL
[0904/160826.369:ERROR:process_memory_win.cc(73)] ReadMemory at 0x7ff917690000 of 64 bytes failed: Only part of a ReadProcessMemory or WriteProcessMemory request was completed. (0x12B)
[0904/160826.369:WARNING:pe_image_reader.cc(340)] could not read dos header from C:\WINDOWS\SYSTEM32\Secur32.dll
[0904/160826.369:ERROR:process_memory_win.cc(73)] ReadMemory at 0x7ff91c390000 of 64 bytes failed: Only part of a ReadProcessMemory or WriteProcessMemory request was completed. (0x12B)
[0904/160826.370:WARNING:pe_image_reader.cc(340)] could not read dos header from C:\WINDOWS\SYSTEM32\USERENV.dll
[0904/160826.370:ERROR:process_memory_win.cc(73)] ReadMemory at 0x7ff91c4c0000 of 64 bytes failed: Only part of a ReadProcessMemory or WriteProcessMemory request was completed. (0x12B)
[0904/160826.370:WARNING:pe_image_reader.cc(340)] could not read dos header from C:\WINDOWS\System32\profapi.dll
[0904/160826.370:ERROR:process_memory_win.cc(73)] ReadMemory at 0x7ff9124b0000 of 64 bytes failed: Only part of a ReadProcessMemory or WriteProcessMemory request was completed. (0x12B)
[0904/160826.370:WARNING:pe_image_reader.cc(340)] could not read dos header from C:\WINDOWS\SYSTEM32\DWrite.dll
[0904/160826.370:ERROR:process_memory_win.cc(73)] ReadMemory at 0x7ff8f44c0000 of 64 bytes failed: Only part of a ReadProcessMemory or WriteProcessMemory request was completed. (0x12B)
[0904/160826.371:WARNING:pe_image_reader.cc(340)] could not read dos header from C:\WINDOWS\SYSTEM32\WINSPOOL.DRV
[0904/160826.371:ERROR:process_memory_win.cc(73)] ReadMemory at 0x7ff91c480000 of 64 bytes failed: Only part of a ReadProcessMemory or WriteProcessMemory request was completed. (0x12B)
[0904/160826.371:WARNING:pe_image_reader.cc(340)] could not read dos header from C:\WINDOWS\System32\kernel.appcore.dll
[0904/160826.371:ERROR:process_memory_win.cc(73)] ReadMemory at 0x7ff91cc10000 of 64 bytes failed: Only part of a ReadProcessMemory or WriteProcessMemory request was completed. (0x12B)
[0904/160826.371:WARNING:pe_image_reader.cc(340)] could not read dos header from C:\WINDOWS\System32\bcrypt.dll
[0904/160826.371:ERROR:process_memory_win.cc(73)] ReadMemory at 0x7ff90f8e0000 of 64 bytes failed: Only part of a ReadProcessMemory or WriteProcessMemory request was completed. (0x12B)
[0904/160826.371:WARNING:pe_image_reader.cc(340)] could not read dos header from C:\WINDOWS\SYSTEM32\dbghelp.dll
[0904/160826.372:ERROR:process_memory_win.cc(73)] ReadMemory at 0x7ff915390000 of 64 bytes failed: Only part of a ReadProcessMemory or WriteProcessMemory request was completed. (0x12B)
[0904/160826.372:WARNING:pe_image_reader.cc(340)] could not read dos header from C:\WINDOWS\SYSTEM32\WINHTTP.dll
[0904/160826.372:ERROR:process_memory_win.cc(73)] ReadMemory at 0x7ff915480000 of 64 bytes failed: Only part of a ReadProcessMemory or WriteProcessMemory request was completed. (0x12B)
[0904/160826.372:WARNING:pe_image_reader.cc(340)] could not read dos header from C:\WINDOWS\SYSTEM32\dhcpcsvc.DLL
[0904/160826.372:ERROR:process_memory_win.cc(73)] ReadMemory at 0x7ff91d950000 of 64 bytes failed: Only part of a ReadProcessMemory or WriteProcessMemory request was completed. (0x12B)
[0904/160826.372:WARNING:pe_image_reader.cc(340)] could not read dos header from C:\WINDOWS\System32\NSI.dll
[0904/160826.372:ERROR:process_memory_win.cc(73)] ReadMemory at 0x7ff919e70000 of 64 bytes failed: Only part of a ReadProcessMemory or WriteProcessMemory request was completed. (0x12B)
[0904/160826.373:WARNING:pe_image_reader.cc(340)] could not read dos header from C:\WINDOWS\SYSTEM32\WINMMBASE.dll
[0904/160826.373:ERROR:process_memory_win.cc(73)] ReadMemory at 0x7ff91c540000 of 64 bytes failed: Only part of a ReadProcessMemory or WriteProcessMemory request was completed. (0x12B)
[0904/160826.373:WARNING:pe_image_reader.cc(340)] could not read dos header from C:\WINDOWS\System32\cfgmgr32.dll
[0904/160826.373:ERROR:process_memory_win.cc(73)] ReadMemory at 0x7ff918e10000 of 64 bytes failed: Only part of a ReadProcessMemory or WriteProcessMemory request was completed. (0x12B)
[0904/160826.373:WARNING:pe_image_reader.cc(340)] could not read dos header from C:\WINDOWS\SYSTEM32\PROPSYS.dll
[0904/160826.373:ERROR:process_memory_win.cc(73)] ReadMemory at 0x7ff91d8a0000 of 64 bytes failed: Only part of a ReadProcessMemory or WriteProcessMemory request was completed. (0x12B)
[0904/160826.373:WARNING:pe_image_reader.cc(340)] could not read dos header from C:\WINDOWS\System32\shcore.dll
[0904/160826.374:ERROR:process_memory_win.cc(73)] ReadMemory at 0x7ff91c360000 of 64 bytes failed: Only part of a ReadProcessMemory or WriteProcessMemory request was completed. (0x12B)
[0904/160826.374:WARNING:pe_image_reader.cc(340)] could not read dos header from C:\WINDOWS\SYSTEM32\SSPICLI.DLL
[0904/160826.374:ERROR:process_memory_win.cc(73)] ReadMemory at 0x7ff91be40000 of 64 bytes failed: Only part of a ReadProcessMemory or WriteProcessMemory request was completed. (0x12B)
[0904/160826.374:WARNING:pe_image_reader.cc(340)] could not read dos header from C:\WINDOWS\SYSTEM32\CRYPTBASE.DLL
[0904/160826.427:ERROR:process_memory_win.cc(73)] ReadMemory at 0x7ff6617c0000 of 64 bytes failed: Only part of a ReadProcessMemory or WriteProcessMemory request was completed. (0x12B)
[0904/160826.427:WARNING:pe_image_reader.cc(340)] could not read dos header from C:\Program Files (x86)\Google\Chrome\Application\chrome.exe
[0904/160826.427:ERROR:process_memory_win.cc(73)] ReadMemory at 0x7ff91f5c0000 of 64 bytes failed: Only part of a ReadProcessMemory or WriteProcessMemory request was completed. (0x12B)
[0904/160826.428:WARNING:pe_image_reader.cc(340)] could not read dos header from C:\WINDOWS\SYSTEM32\ntdll.dll
[0904/160826.428:ERROR:process_memory_win.cc(73)] ReadMemory at 0x7ff91d670000 of 64 bytes failed: Only part of a ReadProcessMemory or WriteProcessMemory request was completed. (0x12B)
[0904/160826.428:WARNING:pe_image_reader.cc(340)] could not read dos header from C:\WINDOWS\System32\KERNEL32.DLL
[0904/160826.428:ERROR:process_memory_win.cc(73)] ReadMemory at 0x7ff91c5b0000 of 64 bytes failed: Only part of a ReadProcessMemory or WriteProcessMemory request was completed. (0x12B)
[0904/160826.428:WARNING:pe_image_reader.cc(340)] could not read dos header from C:\WINDOWS\System32\KERNELBASE.dll
[0904/160826.428:ERROR:process_memory_win.cc(73)] ReadMemory at 0x7ff8fb940000 of 64 bytes failed: Only part of a ReadProcessMemory or WriteProcessMemory request was completed. (0x12B)
[0904/160826.428:WARNING:pe_image_reader.cc(340)] could not read dos header from C:\Program Files (x86)\Google\Chrome\Application\85.0.4183.83\chrome_elf.dll
[0904/160826.429:ERROR:process_memory_win.cc(73)] ReadMemory at 0x7ff913fa0000 of 64 bytes failed: Only part of a ReadProcessMemory or WriteProcessMemory request was completed. (0x12B)
[0904/160826.429:WARNING:pe_image_reader.cc(340)] could not read dos header from C:\WINDOWS\SYSTEM32\VERSION.dll
[0904/160826.429:ERROR:process_memory_win.cc(73)] ReadMemory at 0x7ff91f420000 of 64 bytes failed: Only part of a ReadProcessMemory or WriteProcessMemory request was completed. (0x12B)
[0904/160826.429:WARNING:pe_image_reader.cc(340)] could not read dos header from C:\WINDOWS\System32\msvcrt.dll
[0904/160826.429:ERROR:process_memory_win.cc(73)] ReadMemory at 0x7ff91d4a0000 of 64 bytes failed: Only part of a ReadProcessMemory or WriteProcessMemory request was completed. (0x12B)
[0904/160826.429:WARNING:pe_image_reader.cc(340)] could not read dos header from C:\WINDOWS\System32\bcryptPrimitives.dll
[0904/160826.430:ERROR:process_memory_win.cc(73)] ReadMemory at 0x7ff91f4c0000 of 64 bytes failed: Only part of a ReadProcessMemory or WriteProcessMemory request was completed. (0x12B)
[0904/160826.430:WARNING:pe_image_reader.cc(340)] could not read dos header from C:\WINDOWS\System32\ADVAPI32.dll
[0904/160826.430:ERROR:process_memory_win.cc(73)] ReadMemory at 0x7ff91db10000 of 64 bytes failed: Only part of a ReadProcessMemory or WriteProcessMemory request was completed. (0x12B)
[0904/160826.430:WARNING:pe_image_reader.cc(340)] could not read dos header from C:\WINDOWS\System32\sechost.dll
[0904/160826.430:ERROR:process_memory_win.cc(73)] ReadMemory at 0x7ff91def0000 of 64 bytes failed: Only part of a ReadProcessMemory or WriteProcessMemory request was completed. (0x12B)
[0904/160826.430:WARNING:pe_image_reader.cc(340)] could not read dos header from C:\WINDOWS\System32\RPCRT4.dll
[0904/160826.430:ERROR:process_memory_win.cc(73)] ReadMemory at 0x7ff8d95f0000 of 64 bytes failed: Only part of a ReadProcessMemory or WriteProcessMemory request was completed. (0x12B)
[0904/160826.431:WARNING:pe_image_reader.cc(340)] could not read dos header from C:\Program Files (x86)\Google\Chrome\Application\85.0.4183.83\chrome.dll
[0904/160826.431:ERROR:process_memory_win.cc(73)] ReadMemory at 0x7ff91e070000 of 64 bytes failed: Only part of a ReadProcessMemory or WriteProcessMemory request was completed. (0x12B)
[0904/160826.431:WARNING:pe_image_reader.cc(340)] could not read dos header from C:\WINDOWS\System32\WS2_32.dll
[0904/160826.431:ERROR:process_memory_win.cc(73)] ReadMemory at 0x7ff91d760000 of 64 bytes failed: Only part of a ReadProcessMemory or WriteProcessMemory request was completed. (0x12B)
[0904/160826.431:WARNING:pe_image_reader.cc(340)] could not read dos header from C:\WINDOWS\System32\OLEAUT32.dll
[0904/160826.431:ERROR:process_memory_win.cc(73)] ReadMemory at 0x7ff91cc40000 of 64 bytes failed: Only part of a ReadProcessMemory or WriteProcessMemory request was completed. (0x12B)
[0904/160826.432:WARNING:pe_image_reader.cc(340)] could not read dos header from C:\WINDOWS\System32\msvcp_win.dll
[0904/160826.432:ERROR:process_memory_win.cc(73)] ReadMemory at 0x7ff91c860000 of 64 bytes failed: Only part of a ReadProcessMemory or WriteProcessMemory request was completed. (0x12B)
[0904/160826.432:WARNING:pe_image_reader.cc(340)] could not read dos header from C:\WINDOWS\System32\ucrtbase.dll
[0904/160826.432:ERROR:process_memory_win.cc(73)] ReadMemory at 0x7ff91dbb0000 of 64 bytes failed: Only part of a ReadProcessMemory or WriteProcessMemory request was completed. (0x12B)
[0904/160826.432:WARNING:pe_image_reader.cc(340)] could not read dos header from C:\WINDOWS\System32\combase.dll
[0904/160826.432:ERROR:process_memory_win.cc(73)] ReadMemory at 0x7ff91ca10000 of 64 bytes failed: Only part of a ReadProcessMemory or WriteProcessMemory request was completed. (0x12B)
[0904/160826.432:WARNING:pe_image_reader.cc(340)] could not read dos header from C:\WINDOWS\System32\WINTRUST.dll
[0904/160826.433:ERROR:process_memory_win.cc(73)] ReadMemory at 0x7ff91c4a0000 of 64 bytes failed: Only part of a ReadProcessMemory or WriteProcessMemory request was completed. (0x12B)
[0904/160826.433:WARNING:pe_image_reader.cc(340)] could not read dos header from C:\WINDOWS\System32\MSASN1.dll
[0904/160826.433:ERROR:process_memory_win.cc(73)] ReadMemory at 0x7ff91d520000 of 64 bytes failed: Only part of a ReadProcessMemory or WriteProcessMemory request was completed. (0x12B)
[0904/160826.433:WARNING:pe_image_reader.cc(340)] could not read dos header from C:\WINDOWS\System32\CRYPT32.dll
[0904/160826.433:ERROR:process_memory_win.cc(73)] ReadMemory at 0x7ff91b980000 of 64 bytes failed: Only part of a ReadProcessMemory or WriteProcessMemory request was completed. (0x12B)
[0904/160826.433:WARNING:pe_image_reader.cc(340)] could not read dos header from C:\WINDOWS\SYSTEM32\IPHLPAPI.DLL
[0904/160826.434:ERROR:process_memory_win.cc(73)] ReadMemory at 0x7ff919ea0000 of 64 bytes failed: Only part of a ReadProcessMemory or WriteProcessMemory request was completed. (0x12B)
[0904/160826.434:WARNING:pe_image_reader.cc(340)] could not read dos header from C:\WINDOWS\SYSTEM32\WINMM.dll
[0904/160826.434:ERROR:process_memory_win.cc(73)] ReadMemory at 0x7ff906230000 of 64 bytes failed: Only part of a ReadProcessMemory or WriteProcessMemory request was completed. (0x12B)
[0904/160826.434:WARNING:pe_image_reader.cc(340)] could not read dos header from C:\WINDOWS\SYSTEM32\UIAutomationCore.DLL
[0904/160826.434:ERROR:process_memory_win.cc(73)] ReadMemory at 0x7ff917690000 of 64 bytes failed: Only part of a ReadProcessMemory or WriteProcessMemory request was completed. (0x12B)
[0904/160826.434:WARNING:pe_image_reader.cc(340)] could not read dos header from C:\WINDOWS\SYSTEM32\Secur32.dll
[0904/160826.434:ERROR:process_memory_win.cc(73)] ReadMemory at 0x7ff91c390000 of 64 bytes failed: Only part of a ReadProcessMemory or WriteProcessMemory request was completed. (0x12B)
[0904/160826.435:WARNING:pe_image_reader.cc(340)] could not read dos header from C:\WINDOWS\SYSTEM32\USERENV.dll
[0904/160826.435:ERROR:process_memory_win.cc(73)] ReadMemory at 0x7ff91c4c0000 of 64 bytes failed: Only part of a ReadProcessMemory or WriteProcessMemory request was completed. (0x12B)
[0904/160826.435:WARNING:pe_image_reader.cc(340)] could not read dos header from C:\WINDOWS\System32\profapi.dll
[0904/160826.435:ERROR:process_memory_win.cc(73)] ReadMemory at 0x7ff9124b0000 of 64 bytes failed: Only part of a ReadProcessMemory or WriteProcessMemory request was completed. (0x12B)
[0904/160826.435:WARNING:pe_image_reader.cc(340)] could not read dos header from C:\WINDOWS\SYSTEM32\DWrite.dll
[0904/160826.435:ERROR:process_memory_win.cc(73)] ReadMemory at 0x7ff8f44c0000 of 64 bytes failed: Only part of a ReadProcessMemory or WriteProcessMemory request was completed. (0x12B)
[0904/160826.435:WARNING:pe_image_reader.cc(340)] could not read dos header from C:\WINDOWS\SYSTEM32\WINSPOOL.DRV
[0904/160826.436:ERROR:process_memory_win.cc(73)] ReadMemory at 0x7ff91c480000 of 64 bytes failed: Only part of a ReadProcessMemory or WriteProcessMemory request was completed. (0x12B)
[0904/160826.436:WARNING:pe_image_reader.cc(340)] could not read dos header from C:\WINDOWS\System32\kernel.appcore.dll
[0904/160826.436:ERROR:process_memory_win.cc(73)] ReadMemory at 0x7ff91cc10000 of 64 bytes failed: Only part of a ReadProcessMemory or WriteProcessMemory request was completed. (0x12B)
[0904/160826.436:WARNING:pe_image_reader.cc(340)] could not read dos header from C:\WINDOWS\System32\bcrypt.dll
[0904/160826.436:ERROR:process_memory_win.cc(73)] ReadMemory at 0x7ff90f8e0000 of 64 bytes failed: Only part of a ReadProcessMemory or WriteProcessMemory request was completed. (0x12B)
[0904/160826.436:WARNING:pe_image_reader.cc(340)] could not read dos header from C:\WINDOWS\SYSTEM32\dbghelp.dll
[0904/160826.436:ERROR:process_memory_win.cc(73)] ReadMemory at 0x7ff915390000 of 64 bytes failed: Only part of a ReadProcessMemory or WriteProcessMemory request was completed. (0x12B)
[0904/160826.436:WARNING:pe_image_reader.cc(340)] could not read dos header from C:\WINDOWS\SYSTEM32\WINHTTP.dll
[0904/160826.437:ERROR:process_memory_win.cc(73)] ReadMemory at 0x7ff915480000 of 64 bytes failed: Only part of a ReadProcessMemory or WriteProcessMemory request was completed. (0x12B)
[0904/160826.437:WARNING:pe_image_reader.cc(340)] could not read dos header from C:\WINDOWS\SYSTEM32\dhcpcsvc.DLL
[0904/160826.437:ERROR:process_memory_win.cc(73)] ReadMemory at 0x7ff91d950000 of 64 bytes failed: Only part of a ReadProcessMemory or WriteProcessMemory request was completed. (0x12B)
[0904/160826.437:WARNING:pe_image_reader.cc(340)] could not read dos header from C:\WINDOWS\System32\NSI.dll
[0904/160826.437:ERROR:process_memory_win.cc(73)] ReadMemory at 0x7ff919e70000 of 64 bytes failed: Only part of a ReadProcessMemory or WriteProcessMemory request was completed. (0x12B)
[0904/160826.437:WARNING:pe_image_reader.cc(340)] could not read dos header from C:\WINDOWS\SYSTEM32\WINMMBASE.dll
[0904/160826.437:ERROR:process_memory_win.cc(73)] ReadMemory at 0x7ff91c540000 of 64 bytes failed: Only part of a ReadProcessMemory or WriteProcessMemory request was completed. (0x12B)
[0904/160826.437:WARNING:pe_image_reader.cc(340)] could not read dos header from C:\WINDOWS\System32\cfgmgr32.dll
[0904/160826.438:ERROR:process_memory_win.cc(73)] ReadMemory at 0x7ff918e10000 of 64 bytes failed: Only part of a ReadProcessMemory or WriteProcessMemory request was completed. (0x12B)
[0904/160826.438:WARNING:pe_image_reader.cc(340)] could not read dos header from C:\WINDOWS\SYSTEM32\PROPSYS.dll
[0904/160826.438:ERROR:process_memory_win.cc(73)] ReadMemory at 0x7ff91d8a0000 of 64 bytes failed: Only part of a ReadProcessMemory or WriteProcessMemory request was completed. (0x12B)
[0904/160826.438:WARNING:pe_image_reader.cc(340)] could not read dos header from C:\WINDOWS\System32\shcore.dll
[0904/160826.438:ERROR:process_memory_win.cc(73)] ReadMemory at 0x7ff91c360000 of 64 bytes failed: Only part of a ReadProcessMemory or WriteProcessMemory request was completed. (0x12B)
[0904/160826.438:WARNING:pe_image_reader.cc(340)] could not read dos header from C:\WINDOWS\SYSTEM32\SSPICLI.DLL
[0904/160826.438:ERROR:process_memory_win.cc(73)] ReadMemory at 0x7ff91be40000 of 64 bytes failed: Only part of a ReadProcessMemory or WriteProcessMemory request was completed. (0x12B)
[0904/160826.438:WARNING:pe_image_reader.cc(340)] could not read dos header from C:\WINDOWS\SYSTEM32\CRYPTBASE.DLL
[0904/160826.439:ERROR:process_memory_win.cc(73)] ReadMemory at 0x7ff6617c0000 of 64 bytes failed: Only part of a ReadProcessMemory or WriteProcessMemory request was completed. (0x12B)
[0904/160826.439:WARNING:pe_image_reader.cc(340)] could not read dos header from C:\Program Files (x86)\Google\Chrome\Application\chrome.exe
[0904/160826.439:ERROR:process_memory_win.cc(73)] ReadMemory at 0x7ff91f5c0000 of 64 bytes failed: Only part of a ReadProcessMemory or WriteProcessMemory request was completed. (0x12B)
[0904/160826.439:WARNING:pe_image_reader.cc(340)] could not read dos header from C:\WINDOWS\SYSTEM32\ntdll.dll
[0904/160826.439:ERROR:process_memory_win.cc(73)] ReadMemory at 0x7ff91d670000 of 64 bytes failed: Only part of a ReadProcessMemory or WriteProcessMemory request was completed. (0x12B)
[0904/160826.439:WARNING:pe_image_reader.cc(340)] could not read dos header from C:\WINDOWS\System32\KERNEL32.DLL
[0904/160826.439:ERROR:process_memory_win.cc(73)] ReadMemory at 0x7ff91c5b0000 of 64 bytes failed: Only part of a ReadProcessMemory or WriteProcessMemory request was completed. (0x12B)
[0904/160826.439:WARNING:pe_image_reader.cc(340)] could not read dos header from C:\WINDOWS\System32\KERNELBASE.dll
[0904/160826.440:ERROR:process_memory_win.cc(73)] ReadMemory at 0x7ff8fb940000 of 64 bytes failed: Only part of a ReadProcessMemory or WriteProcessMemory request was completed. (0x12B)
[0904/160826.440:WARNING:pe_image_reader.cc(340)] could not read dos header from C:\Program Files (x86)\Google\Chrome\Application\85.0.4183.83\chrome_elf.dll
[0904/160826.440:ERROR:process_memory_win.cc(73)] ReadMemory at 0x7ff913fa0000 of 64 bytes failed: Only part of a ReadProcessMemory or WriteProcessMemory request was completed. (0x12B)
[0904/160826.440:WARNING:pe_image_reader.cc(340)] could not read dos header from C:\WINDOWS\SYSTEM32\VERSION.dll
[0904/160826.440:ERROR:process_memory_win.cc(73)] ReadMemory at 0x7ff91f420000 of 64 bytes failed: Only part of a ReadProcessMemory or WriteProcessMemory request was completed. (0x12B)
[0904/160826.440:WARNING:pe_image_reader.cc(340)] could not read dos header from C:\WINDOWS\System32\msvcrt.dll
[0904/160826.440:ERROR:process_memory_win.cc(73)] ReadMemory at 0x7ff91d4a0000 of 64 bytes failed: Only part of a ReadProcessMemory or WriteProcessMemory request was completed. (0x12B)
[0904/160826.440:WARNING:pe_image_reader.cc(340)] could not read dos header from C:\WINDOWS\System32\bcryptPrimitives.dll
[0904/160826.441:ERROR:process_memory_win.cc(73)] ReadMemory at 0x7ff91f4c0000 of 64 bytes failed: Only part of a ReadProcessMemory or WriteProcessMemory request was completed. (0x12B)
[0904/160826.441:WARNING:pe_image_reader.cc(340)] could not read dos header from C:\WINDOWS\System32\ADVAPI32.dll
[0904/160826.441:ERROR:process_memory_win.cc(73)] ReadMemory at 0x7ff91db10000 of 64 bytes failed: Only part of a ReadProcessMemory or WriteProcessMemory request was completed. (0x12B)
[0904/160826.441:WARNING:pe_image_reader.cc(340)] could not read dos header from C:\WINDOWS\System32\sechost.dll
[0904/160826.441:ERROR:process_memory_win.cc(73)] ReadMemory at 0x7ff91def0000 of 64 bytes failed: Only part of a ReadProcessMemory or WriteProcessMemory request was completed. (0x12B)
[0904/160826.441:WARNING:pe_image_reader.cc(340)] could not read dos header from C:\WINDOWS\System32\RPCRT4.dll
[0904/160826.441:ERROR:process_memory_win.cc(73)] ReadMemory at 0x7ff8d95f0000 of 64 bytes failed: Only part of a ReadProcessMemory or WriteProcessMemory request was completed. (0x12B)
[0904/160826.441:WARNING:pe_image_reader.cc(340)] could not read dos header from C:\Program Files (x86)\Google\Chrome\Application\85.0.4183.83\chrome.dll
[0904/160826.441:ERROR:process_memory_win.cc(73)] ReadMemory at 0x7ff91e070000 of 64 bytes failed: Only part of a ReadProcessMemory or WriteProcessMemory request was completed. (0x12B)
[0904/160826.442:WARNING:pe_image_reader.cc(340)] could not read dos header from C:\WINDOWS\System32\WS2_32.dll
[0904/160826.442:ERROR:process_memory_win.cc(73)] ReadMemory at 0x7ff91d760000 of 64 bytes failed: Only part of a ReadProcessMemory or WriteProcessMemory request was completed. (0x12B)
[0904/160826.442:WARNING:pe_image_reader.cc(340)] could not read dos header from C:\WINDOWS\System32\OLEAUT32.dll
[0904/160826.442:ERROR:process_memory_win.cc(73)] ReadMemory at 0x7ff91cc40000 of 64 bytes failed: Only part of a ReadProcessMemory or WriteProcessMemory request was completed. (0x12B)
[0904/160826.442:WARNING:pe_image_reader.cc(340)] could not read dos header from C:\WINDOWS\System32\msvcp_win.dll
[0904/160826.443:ERROR:process_memory_win.cc(73)] ReadMemory at 0x7ff91c860000 of 64 bytes failed: Only part of a ReadProcessMemory or WriteProcessMemory request was completed. (0x12B)
[0904/160826.443:WARNING:pe_image_reader.cc(340)] could not read dos header from C:\WINDOWS\System32\ucrtbase.dll
[0904/160826.443:ERROR:process_memory_win.cc(73)] ReadMemory at 0x7ff91dbb0000 of 64 bytes failed: Only part of a ReadProcessMemory or WriteProcessMemory request was completed. (0x12B)
[0904/160826.443:WARNING:pe_image_reader.cc(340)] could not read dos header from C:\WINDOWS\System32\combase.dll
[0904/160826.443:ERROR:process_memory_win.cc(73)] ReadMemory at 0x7ff91ca10000 of 64 bytes failed: Only part of a ReadProcessMemory or WriteProcessMemory request was completed. (0x12B)
[0904/160826.443:WARNING:pe_image_reader.cc(340)] could not read dos header from C:\WINDOWS\System32\WINTRUST.dll
[0904/160826.443:ERROR:process_memory_win.cc(73)] ReadMemory at 0x7ff91c4a0000 of 64 bytes failed: Only part of a ReadProcessMemory or WriteProcessMemory request was completed. (0x12B)
[0904/160826.443:WARNING:pe_image_reader.cc(340)] could not read dos header from C:\WINDOWS\System32\MSASN1.dll
[0904/160826.444:ERROR:process_memory_win.cc(73)] ReadMemory at 0x7ff91d520000 of 64 bytes failed: Only part of a ReadProcessMemory or WriteProcessMemory request was completed. (0x12B)
[0904/160826.444:WARNING:pe_image_reader.cc(340)] could not read dos header from C:\WINDOWS\System32\CRYPT32.dll
[0904/160826.444:ERROR:process_memory_win.cc(73)] ReadMemory at 0x7ff91b980000 of 64 bytes failed: Only part of a ReadProcessMemory or WriteProcessMemory request was completed. (0x12B)
[0904/160826.444:WARNING:pe_image_reader.cc(340)] could not read dos header from C:\WINDOWS\SYSTEM32\IPHLPAPI.DLL
[0904/160826.444:ERROR:process_memory_win.cc(73)] ReadMemory at 0x7ff919ea0000 of 64 bytes failed: Only part of a ReadProcessMemory or WriteProcessMemory request was completed. (0x12B)
[0904/160826.444:WARNING:pe_image_reader.cc(340)] could not read dos header from C:\WINDOWS\SYSTEM32\WINMM.dll
[0904/160826.444:ERROR:process_memory_win.cc(73)] ReadMemory at 0x7ff906230000 of 64 bytes failed: Only part of a ReadProcessMemory or WriteProcessMemory request was completed. (0x12B)
[0904/160826.444:WARNING:pe_image_reader.cc(340)] could not read dos header from C:\WINDOWS\SYSTEM32\UIAutomationCore.DLL
[0904/160826.445:ERROR:process_memory_win.cc(73)] ReadMemory at 0x7ff917690000 of 64 bytes failed: Only part of a ReadProcessMemory or WriteProcessMemory request was completed. (0x12B)
[0904/160826.445:WARNING:pe_image_reader.cc(340)] could not read dos header from C:\WINDOWS\SYSTEM32\Secur32.dll
[0904/160826.445:ERROR:process_memory_win.cc(73)] ReadMemory at 0x7ff91c390000 of 64 bytes failed: Only part of a ReadProcessMemory or WriteProcessMemory request was completed. (0x12B)
[0904/160826.445:WARNING:pe_image_reader.cc(340)] could not read dos header from C:\WINDOWS\SYSTEM32\USERENV.dll
[0904/160826.445:ERROR:process_memory_win.cc(73)] ReadMemory at 0x7ff91c4c0000 of 64 bytes failed: Only part of a ReadProcessMemory or WriteProcessMemory request was completed. (0x12B)
[0904/160826.445:WARNING:pe_image_reader.cc(340)] could not read dos header from C:\WINDOWS\System32\profapi.dll
[0904/160826.445:ERROR:process_memory_win.cc(73)] ReadMemory at 0x7ff9124b0000 of 64 bytes failed: Only part of a ReadProcessMemory or WriteProcessMemory request was completed. (0x12B)
[0904/160826.445:WARNING:pe_image_reader.cc(340)] could not read dos header from C:\WINDOWS\SYSTEM32\DWrite.dll
[0904/160826.445:ERROR:process_memory_win.cc(73)] ReadMemory at 0x7ff8f44c0000 of 64 bytes failed: Only part of a ReadProcessMemory or WriteProcessMemory request was completed. (0x12B)
[0904/160826.446:WARNING:pe_image_reader.cc(340)] could not read dos header from C:\WINDOWS\SYSTEM32\WINSPOOL.DRV
[0904/160826.446:ERROR:process_memory_win.cc(73)] ReadMemory at 0x7ff91c480000 of 64 bytes failed: Only part of a ReadProcessMemory or WriteProcessMemory request was completed. (0x12B)
[0904/160826.446:WARNING:pe_image_reader.cc(340)] could not read dos header from C:\WINDOWS\System32\kernel.appcore.dll
[0904/160826.446:ERROR:process_memory_win.cc(73)] ReadMemory at 0x7ff91cc10000 of 64 bytes failed: Only part of a ReadProcessMemory or WriteProcessMemory request was completed. (0x12B)
[0904/160826.446:WARNING:pe_image_reader.cc(340)] could not read dos header from C:\WINDOWS\System32\bcrypt.dll
[0904/160826.446:ERROR:process_memory_win.cc(73)] ReadMemory at 0x7ff90f8e0000 of 64 bytes failed: Only part of a ReadProcessMemory or WriteProcessMemory request was completed. (0x12B)
[0904/160826.446:WARNING:pe_image_reader.cc(340)] could not read dos header from C:\WINDOWS\SYSTEM32\dbghelp.dll
[0904/160826.447:ERROR:process_memory_win.cc(73)] ReadMemory at 0x7ff915390000 of 64 bytes failed: Only part of a ReadProcessMemory or WriteProcessMemory request was completed. (0x12B)
[0904/160826.447:WARNING:pe_image_reader.cc(340)] could not read dos header from C:\WINDOWS\SYSTEM32\WINHTTP.dll
[0904/160826.447:ERROR:process_memory_win.cc(73)] ReadMemory at 0x7ff915480000 of 64 bytes failed: Only part of a ReadProcessMemory or WriteProcessMemory request was completed. (0x12B)
[0904/160826.447:WARNING:pe_image_reader.cc(340)] could not read dos header from C:\WINDOWS\SYSTEM32\dhcpcsvc.DLL
[0904/160826.447:ERROR:process_memory_win.cc(73)] ReadMemory at 0x7ff91d950000 of 64 bytes failed: Only part of a ReadProcessMemory or WriteProcessMemory request was completed. (0x12B)
[0904/160826.447:WARNING:pe_image_reader.cc(340)] could not read dos header from C:\WINDOWS\System32\NSI.dll
[0904/160826.447:ERROR:process_memory_win.cc(73)] ReadMemory at 0x7ff919e70000 of 64 bytes failed: Only part of a ReadProcessMemory or WriteProcessMemory request was completed. (0x12B)
[0904/160826.447:WARNING:pe_image_reader.cc(340)] could not read dos header from C:\WINDOWS\SYSTEM32\WINMMBASE.dll
[0904/160826.448:ERROR:process_memory_win.cc(73)] ReadMemory at 0x7ff91c540000 of 64 bytes failed: Only part of a ReadProcessMemory or WriteProcessMemory request was completed. (0x12B)
[0904/160826.448:WARNING:pe_image_reader.cc(340)] could not read dos header from C:\WINDOWS\System32\cfgmgr32.dll
[0904/160826.448:ERROR:process_memory_win.cc(73)] ReadMemory at 0x7ff918e10000 of 64 bytes failed: Only part of a ReadProcessMemory or WriteProcessMemory request was completed. (0x12B)
[0904/160826.448:WARNING:pe_image_reader.cc(340)] could not read dos header from C:\WINDOWS\SYSTEM32\PROPSYS.dll
[0904/160826.448:ERROR:process_memory_win.cc(73)] ReadMemory at 0x7ff91d8a0000 of 64 bytes failed: Only part of a ReadProcessMemory or WriteProcessMemory request was completed. (0x12B)
[0904/160826.448:WARNING:pe_image_reader.cc(340)] could not read dos header from C:\WINDOWS\System32\shcore.dll
[0904/160826.448:ERROR:process_memory_win.cc(73)] ReadMemory at 0x7ff91c360000 of 64 bytes failed: Only part of a ReadProcessMemory or WriteProcessMemory request was completed. (0x12B)
[0904/160826.448:WARNING:pe_image_reader.cc(340)] could not read dos header from C:\WINDOWS\SYSTEM32\SSPICLI.DLL
[0904/160826.449:ERROR:process_memory_win.cc(73)] ReadMemory at 0x7ff91be40000 of 64 bytes failed: Only part of a ReadProcessMemory or WriteProcessMemory request was completed. (0x12B)
[0904/160826.449:WARNING:pe_image_reader.cc(340)] could not read dos header from C:\WINDOWS\SYSTEM32\CRYPTBASE.DLL
[0904/160827.316:ERROR:process_memory_win.cc(73)] ReadMemory at 0xdf9df0000 of 65536 bytes failed: Only part of a ReadProcessMemory or WriteProcessMemory request was completed. (0x12B)
[0904/160827.345:ERROR:process_memory_win.cc(73)] ReadMemory at 0xdfa5fd000 of 12288 bytes failed: Only part of a ReadProcessMemory or WriteProcessMemory request was completed. (0x12B)
[0904/160827.345:ERROR:process_memory_win.cc(73)] ReadMemory at 0xdfadf6000 of 40960 bytes failed: Only part of a ReadProcessMemory or WriteProcessMemory request was completed. (0x12B)
[0904/160827.346:ERROR:process_memory_win.cc(73)] ReadMemory at 0xdfb5fc000 of 16384 bytes failed: Only part of a ReadProcessMemory or WriteProcessMemory request was completed. (0x12B)
[0904/160827.346:ERROR:process_memory_win.cc(73)] ReadMemory at 0xdfbdfb000 of 20480 bytes failed: Only part of a ReadProcessMemory or WriteProcessMemory request was completed. (0x12B)
[0904/160827.346:ERROR:process_memory_win.cc(73)] ReadMemory at 0xdfc5fe000 of 8192 bytes failed: Only part of a ReadProcessMemory or WriteProcessMemory request was completed. (0x12B)
[0904/160827.346:ERROR:process_memory_win.cc(73)] ReadMemory at 0xdfcdfd000 of 12288 bytes failed: Only part of a ReadProcessMemory or WriteProcessMemory request was completed. (0x12B)
[0904/160827.346:ERROR:process_memory_win.cc(73)] ReadMemory at 0xdfd5fc000 of 16384 bytes failed: Only part of a ReadProcessMemory or WriteProcessMemory request was completed. (0x12B)
[0904/160827.346:ERROR:process_memory_win.cc(73)] ReadMemory at 0xdfe5fd000 of 12288 bytes failed: Only part of a ReadProcessMemory or WriteProcessMemory request was completed. (0x12B)
[0904/160827.346:ERROR:process_memory_win.cc(73)] ReadMemory at 0xdfedfb000 of 20480 bytes failed: Only part of a ReadProcessMemory or WriteProcessMemory request was completed. (0x12B)
[0904/160827.346:ERROR:process_memory_win.cc(73)] ReadMemory at 0xdff5fc000 of 16384 bytes failed: Only part of a ReadProcessMemory or WriteProcessMemory request was completed. (0x12B)
[0904/160827.346:ERROR:process_memory_win.cc(73)] ReadMemory at 0xdffdfd000 of 12288 bytes failed: Only part of a ReadProcessMemory or WriteProcessMemory request was completed. (0x12B)
[0904/160827.346:ERROR:process_memory_win.cc(73)] ReadMemory at 0xd807fd000 of 12288 bytes failed: Only part of a ReadProcessMemory or WriteProcessMemory request was completed. (0x12B)
[0904/160827.346:ERROR:process_memory_win.cc(73)] ReadMemory at 0xd80ffb000 of 20480 bytes failed: Only part of a ReadProcessMemory or WriteProcessMemory request was completed. (0x12B)
[0904/160827.346:ERROR:process_memory_win.cc(73)] ReadMemory at 0xd817fa000 of 24576 bytes failed: Only part of a ReadProcessMemory or WriteProcessMemory request was completed. (0x12B)
[0904/160827.346:ERROR:process_memory_win.cc(73)] ReadMemory at 0xd81ffe000 of 8192 bytes failed: Only part of a ReadProcessMemory or WriteProcessMemory request was completed. (0x12B)
[0904/160827.346:ERROR:process_memory_win.cc(73)] ReadMemory at 0xdf9402000 of 6024 bytes failed: Only part of a ReadProcessMemory or WriteProcessMemory request was completed. (0x12B)
[0904/160827.347:ERROR:process_memory_win.cc(73)] ReadMemory at 0xdf9404000 of 6024 bytes failed: Only part of a ReadProcessMemory or WriteProcessMemory request was completed. (0x12B)
[0904/160827.347:ERROR:process_memory_win.cc(73)] ReadMemory at 0xdf9406000 of 6024 bytes failed: Only part of a ReadProcessMemory or WriteProcessMemory request was completed. (0x12B)
[0904/160827.347:ERROR:process_memory_win.cc(73)] ReadMemory at 0xdf9408000 of 6024 bytes failed: Only part of a ReadProcessMemory or WriteProcessMemory request was completed. (0x12B)
[0904/160827.347:ERROR:process_memory_win.cc(73)] ReadMemory at 0xdf95e3000 of 852 bytes failed: Only part of a ReadProcessMemory or WriteProcessMemory request was completed. (0x12B)
[0904/160827.347:ERROR:process_memory_win.cc(73)] ReadMemory at 0xdf95e4000 of 6024 bytes failed: Only part of a ReadProcessMemory or WriteProcessMemory request was completed. (0x12B)
[0904/160827.347:ERROR:process_memory_win.cc(73)] ReadMemory at 0xdf95e6000 of 6024 bytes failed: Only part of a ReadProcessMemory or WriteProcessMemory request was completed. (0x12B)
[0904/160827.347:ERROR:process_memory_win.cc(73)] ReadMemory at 0xdf95e8000 of 6024 bytes failed: Only part of a ReadProcessMemory or WriteProcessMemory request was completed. (0x12B)
[0904/160827.347:ERROR:process_memory_win.cc(73)] ReadMemory at 0xdf95ea000 of 6024 bytes failed: Only part of a ReadProcessMemory or WriteProcessMemory request was completed. (0x12B)
[0904/160827.347:ERROR:process_memory_win.cc(73)] ReadMemory at 0xdf95ec000 of 6024 bytes failed: Only part of a ReadProcessMemory or WriteProcessMemory request was completed. (0x12B)
[0904/160827.347:ERROR:process_memory_win.cc(73)] ReadMemory at 0xdf95ee000 of 6024 bytes failed: Only part of a ReadProcessMemory or WriteProcessMemory request was completed. (0x12B)
[0904/160827.347:ERROR:process_memory_win.cc(73)] ReadMemory at 0xdf95f0000 of 6024 bytes failed: Only part of a ReadProcessMemory or WriteProcessMemory request was completed. (0x12B)
[0904/160827.347:ERROR:process_memory_win.cc(73)] ReadMemory at 0xdf95f2000 of 6024 bytes failed: Only part of a ReadProcessMemory or WriteProcessMemory request was completed. (0x12B)
[0904/160827.347:ERROR:process_memory_win.cc(73)] ReadMemory at 0xdf95f6000 of 6024 bytes failed: Only part of a ReadProcessMemory or WriteProcessMemory request was completed. (0x12B)
[0904/160827.347:ERROR:process_memory_win.cc(73)] ReadMemory at 0xdf95f8000 of 6024 bytes failed: Only part of a ReadProcessMemory or WriteProcessMemory request was completed. (0x12B)
[0904/160827.347:ERROR:process_memory_win.cc(73)] ReadMemory at 0xdf95fa000 of 6024 bytes failed: Only part of a ReadProcessMemory or WriteProcessMemory request was completed. (0x12B)
[0904/160827.347:ERROR:process_memory_win.cc(73)] ReadMemory at 0xdf95fc000 of 6024 bytes failed: Only part of a ReadProcessMemory or WriteProcessMemory request was completed. (0x12B)
[0904/160827.347:ERROR:process_memory_win.cc(73)] ReadMemory at 0x165a9414c00 of 512 bytes failed: Only part of a ReadProcessMemory or WriteProcessMemory request was completed. (0x12B)
[0904/160827.347:ERROR:process_memory_win.cc(73)] ReadMemory at 0x165a9490fe0 of 18298 bytes failed: Only part of a ReadProcessMemory or WriteProcessMemory request was completed. (0x12B)
[0904/160827.348:ERROR:process_memory_win.cc(73)] ReadMemory at 0x165a9495770 of 1012 bytes failed: Only part of a ReadProcessMemory or WriteProcessMemory request was completed. (0x12B)
[0904/160827.348:ERROR:process_memory_win.cc(73)] ReadMemory at 0x165a9495db8 of 118 bytes failed: Only part of a ReadProcessMemory or WriteProcessMemory request was completed. (0x12B)
[0904/160827.348:ERROR:process_memory_win.cc(73)] ReadMemory at 0x165a9495e30 of 850 bytes failed: Only part of a ReadProcessMemory or WriteProcessMemory request was completed. (0x12B)
[0904/160827.348:ERROR:process_memory_win.cc(73)] ReadMemory at 0x165a9496184 of 118 bytes failed: Only part of a ReadProcessMemory or WriteProcessMemory request was completed. (0x12B)
[0904/160827.348:ERROR:process_memory_win.cc(73)] ReadMemory at 0x165a94961fc of 100 bytes failed: Only part of a ReadProcessMemory or WriteProcessMemory request was completed. (0x12B)
[0904/160827.348:ERROR:process_memory_win.cc(73)] ReadMemory at 0x165a9496270 of 58 bytes failed: Only part of a ReadProcessMemory or WriteProcessMemory request was completed. (0x12B)
[0904/160827.348:ERROR:process_memory_win.cc(73)] ReadMemory at 0x165a9496370 of 132 bytes failed: Only part of a ReadProcessMemory or WriteProcessMemory request was completed. (0x12B)
[0904/160827.348:ERROR:process_memory_win.cc(73)] ReadMemory at 0x165a9496500 of 132 bytes failed: Only part of a ReadProcessMemory or WriteProcessMemory request was completed. (0x12B)
[0904/160827.348:ERROR:process_memory_win.cc(73)] ReadMemory at 0x165a94966c0 of 124 bytes failed: Only part of a ReadProcessMemory or WriteProcessMemory request was completed. (0x12B)
[0904/160827.348:ERROR:process_memory_win.cc(73)] ReadMemory at 0x165a9496aa0 of 132 bytes failed: Only part of a ReadProcessMemory or WriteProcessMemory request was completed. (0x12B)
[0904/160827.348:ERROR:process_memory_win.cc(73)] ReadMemory at 0x165a9496c30 of 64 bytes failed: Only part of a ReadProcessMemory or WriteProcessMemory request was completed. (0x12B)
[0904/160827.348:ERROR:process_memory_win.cc(73)] ReadMemory at 0x165a9496df0 of 132 bytes failed: Only part of a ReadProcessMemory or WriteProcessMemory request was completed. (0x12B)
[0904/160827.348:ERROR:process_memory_win.cc(73)] ReadMemory at 0x165a9497090 of 132 bytes failed: Only part of a ReadProcessMemory or WriteProcessMemory request was completed. (0x12B)
[0904/160827.348:ERROR:process_memory_win.cc(73)] ReadMemory at 0x165a9497220 of 68 bytes failed: Only part of a ReadProcessMemory or WriteProcessMemory request was completed. (0x12B)
[0904/160827.348:ERROR:process_memory_win.cc(73)] ReadMemory at 0x165a9498320 of 132 bytes failed: Only part of a ReadProcessMemory or WriteProcessMemory request was completed. (0x12B)
[0904/160827.348:ERROR:process_memory_win.cc(73)] ReadMemory at 0x165a94984b0 of 152 bytes failed: Only part of a ReadProcessMemory or WriteProcessMemory request was completed. (0x12B)
[0904/160827.348:ERROR:process_memory_win.cc(73)] ReadMemory at 0x165a94992d0 of 132 bytes failed: Only part of a ReadProcessMemory or WriteProcessMemory request was completed. (0x12B)
[0904/160827.349:ERROR:process_memory_win.cc(73)] ReadMemory at 0x165a9499ea0 of 62 bytes failed: Only part of a ReadProcessMemory or WriteProcessMemory request was completed. (0x12B)
[0904/160827.349:ERROR:process_memory_win.cc(73)] ReadMemory at 0x165a9499f80 of 60 bytes failed: Only part of a ReadProcessMemory or WriteProcessMemory request was completed. (0x12B)
[0904/160827.349:ERROR:process_memory_win.cc(73)] ReadMemory at 0x165a94ac770 of 80 bytes failed: Only part of a ReadProcessMemory or WriteProcessMemory request was completed. (0x12B)
[0904/160827.349:ERROR:process_memory_win.cc(73)] ReadMemory at 0x165a94ad220 of 132 bytes failed: Only part of a ReadProcessMemory or WriteProcessMemory request was completed. (0x12B)
[0904/160827.349:ERROR:process_memory_win.cc(73)] ReadMemory at 0x165a94ad360 of 132 bytes failed: Only part of a ReadProcessMemory or WriteProcessMemory request was completed. (0x12B)
[0904/160827.349:ERROR:process_memory_win.cc(73)] ReadMemory at 0x165a94adea0 of 76 bytes failed: Only part of a ReadProcessMemory or WriteProcessMemory request was completed. (0x12B)
[0904/160827.349:ERROR:process_memory_win.cc(73)] ReadMemory at 0x165a94ae0e0 of 80 bytes failed: Only part of a ReadProcessMemory or WriteProcessMemory request was completed. (0x12B)
[0904/160827.349:ERROR:process_memory_win.cc(73)] ReadMemory at 0x165a94b3370 of 132 bytes failed: Only part of a ReadProcessMemory or WriteProcessMemory request was completed. (0x12B)
[0904/160827.408:ERROR:process_memory_win.cc(73)] ReadMemory at 0x165a94b4090 of 132 bytes failed: Only part of a ReadProcessMemory or WriteProcessMemory request was completed. (0x12B)
[0904/160827.408:ERROR:process_memory_win.cc(73)] ReadMemory at 0x165a94b41c0 of 132 bytes failed: Only part of a ReadProcessMemory or WriteProcessMemory request was completed. (0x12B)
[0904/160827.408:ERROR:process_memory_win.cc(73)] ReadMemory at 0x165a94b42f0 of 132 bytes failed: Only part of a ReadProcessMemory or WriteProcessMemory request was completed. (0x12B)
[0904/160827.408:ERROR:process_memory_win.cc(73)] ReadMemory at 0x165a94b45d0 of 66 bytes failed: Only part of a ReadProcessMemory or WriteProcessMemory request was completed. (0x12B)
[0904/160827.408:ERROR:process_memory_win.cc(73)] ReadMemory at 0x165a94b4620 of 64 bytes failed: Only part of a ReadProcessMemory or WriteProcessMemory request was completed. (0x12B)
[0904/160827.408:ERROR:process_memory_win.cc(73)] ReadMemory at 0x165a94b47b0 of 62 bytes failed: Only part of a ReadProcessMemory or WriteProcessMemory request was completed. (0x12B)
[0904/160827.408:ERROR:process_memory_win.cc(73)] ReadMemory at 0x165a94b4850 of 62 bytes failed: Only part of a ReadProcessMemory or WriteProcessMemory request was completed. (0x12B)
[0904/160827.408:ERROR:process_memory_win.cc(73)] ReadMemory at 0x165a94b48a0 of 60 bytes failed: Only part of a ReadProcessMemory or WriteProcessMemory request was completed. (0x12B)
[0904/160827.408:ERROR:process_memory_win.cc(73)] ReadMemory at 0x165a94b48f0 of 64 bytes failed: Only part of a ReadProcessMemory or WriteProcessMemory request was completed. (0x12B)
[0904/160827.408:ERROR:process_memory_win.cc(73)] ReadMemory at 0x165a94b4940 of 64 bytes failed: Only part of a ReadProcessMemory or WriteProcessMemory request was completed. (0x12B)
[0904/160827.408:ERROR:process_memory_win.cc(73)] ReadMemory at 0x165a94b4990 of 62 bytes failed: Only part of a ReadProcessMemory or WriteProcessMemory request was completed. (0x12B)
[0904/160827.408:ERROR:process_memory_win.cc(73)] ReadMemory at 0x165a94b49e0 of 60 bytes failed: Only part of a ReadProcessMemory or WriteProcessMemory request was completed. (0x12B)
[0904/160827.408:ERROR:process_memory_win.cc(73)] ReadMemory at 0x165a94b4ad0 of 62 bytes failed: Only part of a ReadProcessMemory or WriteProcessMemory request was completed. (0x12B)
[0904/160827.408:ERROR:process_memory_win.cc(73)] ReadMemory at 0x165a94b4b20 of 62 bytes failed: Only part of a ReadProcessMemory or WriteProcessMemory request was completed. (0x12B)
[0904/160827.408:ERROR:process_memory_win.cc(73)] ReadMemory at 0x165a94b4b70 of 64 bytes failed: Only part of a ReadProcessMemory or WriteProcessMemory request was completed. (0x12B)
[0904/160827.483:ERROR:process_memory_win.cc(73)] ReadMemory at 0x165a94b4bc0 of 62 bytes failed: Only part of a ReadProcessMemory or WriteProcessMemory request was completed. (0x12B)
[0904/160827.483:ERROR:process_memory_win.cc(73)] ReadMemory at 0x165a94b4cb0 of 60 bytes failed: Only part of a ReadProcessMemory or WriteProcessMemory request was completed. (0x12B)
[0904/160827.483:ERROR:process_memory_win.cc(73)] ReadMemory at 0x165a94b4d00 of 60 bytes failed: Only part of a ReadProcessMemory or WriteProcessMemory request was completed. (0x12B)
[0904/160827.483:ERROR:process_memory_win.cc(73)] ReadMemory at 0x165a94b4d50 of 62 bytes failed: Only part of a ReadProcessMemory or WriteProcessMemory request was completed. (0x12B)
[0904/160827.483:ERROR:process_memory_win.cc(73)] ReadMemory at 0x165a94b4f30 of 64 bytes failed: Only part of a ReadProcessMemory or WriteProcessMemory request was completed. (0x12B)
[0904/160827.483:ERROR:process_memory_win.cc(73)] ReadMemory at 0x165a94b5020 of 60 bytes failed: Only part of a ReadProcessMemory or WriteProcessMemory request was completed. (0x12B)
[0904/160827.663:ERROR:process_memory_win.cc(73)] ReadMemory at 0x165a94b5070 of 60 bytes failed: Only part of a ReadProcessMemory or WriteProcessMemory request was completed. (0x12B)
[0904/160827.663:ERROR:process_memory_win.cc(73)] ReadMemory at 0x165a94b50c0 of 62 bytes failed: Only part of a ReadProcessMemory or WriteProcessMemory request was completed. (0x12B)
[0904/160827.663:ERROR:process_memory_win.cc(73)] ReadMemory at 0x165a94b5110 of 66 bytes failed: Only part of a ReadProcessMemory or WriteProcessMemory request was completed. (0x12B)
[0904/160827.663:ERROR:process_memory_win.cc(73)] ReadMemory at 0x165a94b52a0 of 58 bytes failed: Only part of a ReadProcessMemory or WriteProcessMemory request was completed. (0x12B)
[0904/160827.663:ERROR:process_memory_win.cc(73)] ReadMemory at 0x165a94b52f0 of 62 bytes failed: Only part of a ReadProcessMemory or WriteProcessMemory request was completed. (0x12B)
[0904/160827.663:ERROR:process_memory_win.cc(73)] ReadMemory at 0x165a94b5340 of 62 bytes failed: Only part of a ReadProcessMemory or WriteProcessMemory request was completed. (0x12B)
[0904/160827.663:ERROR:process_memory_win.cc(73)] ReadMemory at 0x165a94b5390 of 64 bytes failed: Only part of a ReadProcessMemory or WriteProcessMemory request was completed. (0x12B)
[0904/160827.663:ERROR:process_memory_win.cc(73)] ReadMemory at 0x165a94b5430 of 64 bytes failed: Only part of a ReadProcessMemory or WriteProcessMemory request was completed. (0x12B)
[0904/160827.663:ERROR:process_memory_win.cc(73)] ReadMemory at 0x165a94b5480 of 64 bytes failed: Only part of a ReadProcessMemory or WriteProcessMemory request was completed. (0x12B)
[0904/160827.664:ERROR:process_memory_win.cc(73)] ReadMemory at 0x165a94b5840 of 54 bytes failed: Only part of a ReadProcessMemory or WriteProcessMemory request was completed. (0x12B)
[0904/160827.664:ERROR:process_memory_win.cc(73)] ReadMemory at 0x165a94b7550 of 132 bytes failed: Only part of a ReadProcessMemory or WriteProcessMemory request was completed. (0x12B)
[0904/160827.664:ERROR:process_memory_win.cc(73)] ReadMemory at 0x165a94b8b70 of 132 bytes failed: Only part of a ReadProcessMemory or WriteProcessMemory request was completed. (0x12B)
[0904/160827.664:ERROR:process_memory_win.cc(73)] ReadMemory at 0x165a94b8d80 of 132 bytes failed: Only part of a ReadProcessMemory or WriteProcessMemory request was completed. (0x12B)
[0904/160827.664:ERROR:process_memory_win.cc(73)] ReadMemory at 0x165a94bb1f0 of 132 bytes failed: Only part of a ReadProcessMemory or WriteProcessMemory request was completed. (0x12B)
[0904/160827.664:ERROR:process_memory_win.cc(73)] ReadMemory at 0x165a94bbf30 of 144 bytes failed: Only part of a ReadProcessMemory or WriteProcessMemory request was completed. (0x12B)
[0904/160827.664:ERROR:process_memory_win.cc(73)] ReadMemory at 0x165a94bea40 of 132 bytes failed: Only part of a ReadProcessMemory or WriteProcessMemory request was completed. (0x12B)
[0904/160828.091:ERROR:process_memory_win.cc(73)] ReadMemory at 0x165a94beb70 of 132 bytes failed: Only part of a ReadProcessMemory or WriteProcessMemory request was completed. (0x12B)
[0904/160828.150:ERROR:process_memory_win.cc(73)] ReadMemory at 0x165a94beca0 of 132 bytes failed: Only part of a ReadProcessMemory or WriteProcessMemory request was completed. (0x12B)
[0904/160828.150:ERROR:process_memory_win.cc(73)] ReadMemory at 0x165a94bedd0 of 132 bytes failed: Only part of a ReadProcessMemory or WriteProcessMemory request was completed. (0x12B)
[0904/160828.151:ERROR:process_memory_win.cc(73)] ReadMemory at 0x165a94bef00 of 132 bytes failed: Only part of a ReadProcessMemory or WriteProcessMemory request was completed. (0x12B)
[0904/160828.151:ERROR:process_memory_win.cc(73)] ReadMemory at 0x165a94bf030 of 132 bytes failed: Only part of a ReadProcessMemory or WriteProcessMemory request was completed. (0x12B)
[0904/160828.151:ERROR:process_memory_win.cc(73)] ReadMemory at 0x165a94bf160 of 132 bytes failed: Only part of a ReadProcessMemory or WriteProcessMemory request was completed. (0x12B)
[0904/160828.151:ERROR:process_memory_win.cc(73)] ReadMemory at 0x165a94bf290 of 132 bytes failed: Only part of a ReadProcessMemory or WriteProcessMemory request was completed. (0x12B)
[0904/160828.151:ERROR:process_memory_win.cc(73)] ReadMemory at 0x165a94bf4f0 of 132 bytes failed: Only part of a ReadProcessMemory or WriteProcessMemory request was completed. (0x12B)
[0904/160828.151:ERROR:process_memory_win.cc(73)] ReadMemory at 0x165a94bf620 of 132 bytes failed: Only part of a ReadProcessMemory or WriteProcessMemory request was completed. (0x12B)
[0904/160828.151:ERROR:process_memory_win.cc(73)] ReadMemory at 0x165a94bf750 of 132 bytes failed: Only part of a ReadProcessMemory or WriteProcessMemory request was completed. (0x12B)
[0904/160828.152:ERROR:process_memory_win.cc(73)] ReadMemory at 0x165a94bf880 of 132 bytes failed: Only part of a ReadProcessMemory or WriteProcessMemory request was completed. (0x12B)
[0904/160828.152:ERROR:process_memory_win.cc(73)] ReadMemory at 0x165a94c01f0 of 132 bytes failed: Only part of a ReadProcessMemory or WriteProcessMemory request was completed. (0x12B)
[0904/160828.152:ERROR:process_memory_win.cc(73)] ReadMemory at 0x165a94c0320 of 132 bytes failed: Only part of a ReadProcessMemory or WriteProcessMemory request was completed. (0x12B)
[0904/160828.152:ERROR:process_memory_win.cc(73)] ReadMemory at 0x165a94c0450 of 132 bytes failed: Only part of a ReadProcessMemory or WriteProcessMemory request was completed. (0x12B)
[0904/160828.152:ERROR:process_memory_win.cc(73)] ReadMemory at 0x165a94c0910 of 132 bytes failed: Only part of a ReadProcessMemory or WriteProcessMemory request was completed. (0x12B)
[0904/160828.152:ERROR:process_memory_win.cc(73)] ReadMemory at 0x165a94c0a40 of 132 bytes failed: Only part of a ReadProcessMemory or WriteProcessMemory request was completed. (0x12B)
[0904/160828.152:ERROR:process_memory_win.cc(73)] ReadMemory at 0x165a94c1030 of 132 bytes failed: Only part of a ReadProcessMemory or WriteProcessMemory request was completed. (0x12B)
[0904/160828.152:ERROR:process_memory_win.cc(73)] ReadMemory at 0x165a94c1290 of 132 bytes failed: Only part of a ReadProcessMemory or WriteProcessMemory request was completed. (0x12B)
[0904/160828.152:ERROR:process_memory_win.cc(73)] ReadMemory at 0x165a94c13c0 of 132 bytes failed: Only part of a ReadProcessMemory or WriteProcessMemory request was completed. (0x12B)
[0904/160828.153:ERROR:process_memory_win.cc(73)] ReadMemory at 0x165a94c19b0 of 132 bytes failed: Only part of a ReadProcessMemory or WriteProcessMemory request was completed. (0x12B)
[0904/160828.153:ERROR:process_memory_win.cc(73)] ReadMemory at 0x165a94c1ae0 of 132 bytes failed: Only part of a ReadProcessMemory or WriteProcessMemory request was completed. (0x12B)
[0904/160828.153:ERROR:process_memory_win.cc(73)] ReadMemory at 0x165a950aba0 of 512 bytes failed: Only part of a ReadProcessMemory or WriteProcessMemory request was completed. (0x12B)
[0904/160828.153:ERROR:process_memory_win.cc(73)] ReadMemory at 0x165a950b2a0 of 512 bytes failed: Only part of a ReadProcessMemory or WriteProcessMemory request was completed. (0x12B)
[0904/160828.154:ERROR:process_memory_win.cc(73)] ReadMemory at 0x165a952a610 of 512 bytes failed: Only part of a ReadProcessMemory or WriteProcessMemory request was completed. (0x12B)
[0904/160828.154:ERROR:process_memory_win.cc(73)] ReadMemory at 0x165a952f340 of 512 bytes failed: Only part of a ReadProcessMemory or WriteProcessMemory request was completed. (0x12B)
[0904/160828.154:ERROR:process_memory_win.cc(73)] ReadMemory at 0x165a953dda0 of 512 bytes failed: Only part of a ReadProcessMemory or WriteProcessMemory request was completed. (0x12B)
[0904/160828.154:ERROR:process_memory_win.cc(73)] ReadMemory at 0x165a9544d50 of 1024 bytes failed: Only part of a ReadProcessMemory or WriteProcessMemory request was completed. (0x12B)
[0904/160828.154:ERROR:process_memory_win.cc(73)] ReadMemory at 0x165a954c400 of 512 bytes failed: Only part of a ReadProcessMemory or WriteProcessMemory request was completed. (0x12B)
[0904/160828.154:ERROR:process_memory_win.cc(73)] ReadMemory at 0x165a9553f00 of 712 bytes failed: Only part of a ReadProcessMemory or WriteProcessMemory request was completed. (0x12B)
[0904/160828.155:ERROR:process_memory_win.cc(73)] ReadMemory at 0x165aace0000 of 384 bytes failed: Only part of a ReadProcessMemory or WriteProcessMemory request was completed. (0x12B)
[0904/160828.155:ERROR:process_memory_win.cc(73)] ReadMemory at 0x165aacfaa80 of 512 bytes failed: Only part of a ReadProcessMemory or WriteProcessMemory request was completed. (0x12B)
[0904/160828.155:ERROR:process_memory_win.cc(73)] ReadMemory at 0x165aade4272 of 578 bytes failed: Only part of a ReadProcessMemory or WriteProcessMemory request was completed. (0x12B)
[0904/160828.155:ERROR:process_memory_win.cc(73)] ReadMemory at 0x165aae97110 of 512 bytes failed: Only part of a ReadProcessMemory or WriteProcessMemory request was completed. (0x12B)
[0904/160828.155:ERROR:process_memory_win.cc(73)] ReadMemory at 0x165b1791930 of 512 bytes failed: Only part of a ReadProcessMemory or WriteProcessMemory request was completed. (0x12B)
[0904/160828.155:ERROR:process_memory_win.cc(73)] ReadMemory at 0x165b7794ac0 of 512 bytes failed: Only part of a ReadProcessMemory or WriteProcessMemory request was completed. (0x12B)
[0904/160828.155:ERROR:process_memory_win.cc(73)] ReadMemory at 0x165b9d1c6d0 of 512 bytes failed: Only part of a ReadProcessMemory or WriteProcessMemory request was completed. (0x12B)
[0904/160828.155:ERROR:process_memory_win.cc(73)] ReadMemory at 0x398608040431 of 512 bytes failed: Only part of a ReadProcessMemory or WriteProcessMemory request was completed. (0x12B)
[0904/160828.155:ERROR:process_memory_win.cc(73)] ReadMemory at 0x3986083611f9 of 512 bytes failed: Only part of a ReadProcessMemory or WriteProcessMemory request was completed. (0x12B)
[0904/160828.155:ERROR:process_memory_win.cc(73)] ReadMemory at 0x39860887400d of 512 bytes failed: Only part of a ReadProcessMemory or WriteProcessMemory request was completed. (0x12B)
[0904/160828.155:ERROR:process_memory_win.cc(73)] ReadMemory at 0x7ff8db3e7466 of 512 bytes failed: Only part of a ReadProcessMemory or WriteProcessMemory request was completed. (0x12B)
[0904/160828.155:ERROR:process_memory_win.cc(73)] ReadMemory at 0x7ff8fb975160 of 512 bytes failed: Only part of a ReadProcessMemory or WriteProcessMemory request was completed. (0x12B)
[0904/160828.155:ERROR:process_memory_win.cc(73)] ReadMemory at 0x7ff8fb975867 of 512 bytes failed: Only part of a ReadProcessMemory or WriteProcessMemory request was completed. (0x12B)
[0904/160828.155:ERROR:process_memory_win.cc(73)] ReadMemory at 0x7ff91d691f80 of 512 bytes failed: Only part of a ReadProcessMemory or WriteProcessMemory request was completed. (0x12B)
[0904/160828.155:ERROR:process_memory_win.cc(73)] ReadMemory at 0x7ff91f65c074 of 672 bytes failed: Only part of a ReadProcessMemory or WriteProcessMemory request was completed. (0x12B)
[0904/160828.156:ERROR:process_memory_win.cc(73)] ReadMemory at 0x7ff91f65f924 of 608 bytes failed: Only part of a ReadProcessMemory or WriteProcessMemory request was completed. (0x12B)
[0904/160828.156:ERROR:process_memory_win.cc(73)] ReadMemory at 0x7ff91f6ec428 of 18 bytes failed: Only part of a ReadProcessMemory or WriteProcessMemory request was completed. (0x12B)
[0904/160828.156:ERROR:process_memory_win.cc(73)] ReadMemory at 0x7ff91f71f4f8 of 40 bytes failed: Only part of a ReadProcessMemory or WriteProcessMemory request was completed. (0x12B)
[0904/160828.156:ERROR:process_memory_win.cc(73)] ReadMemory at 0x7ff91f71f978 of 48 bytes failed: Only part of a ReadProcessMemory or WriteProcessMemory request was completed. (0x12B)
[0904/160828.156:ERROR:process_memory_win.cc(73)] ReadMemory at 0x7ff91f7253c0 of 64 bytes failed: Only part of a ReadProcessMemory or WriteProcessMemory request was completed. (0x12B)
[0904/160828.393:ERROR:scoped_process_suspend.cc(40)] NtResumeProcess: An attempt was made to access an exiting process. (0xc000010a)
